This is pdfTeX, Version 3.141592653-2.6-1.40.27 (MiKTeX 25.2) (preloaded format=pdflatex 2025.3.6)  16 DEC 2025 11:44
entering extended mode
 restricted \write18 enabled.
 file:line:error style messages enabled.
 %&-line parsing enabled.
**"c:/Users/dhouben/OneDrive - Studiecentrum voor Kernenergie/Documents/Internships/EPFL-2025/mcmc_inference/reports/annals_nuclear_energy/main.tex"
(c:/Users/dhouben/OneDrive - Studiecentrum voor Kernenergie/Documents/Internships/EPFL-2025/mcmc_inference/reports/annals_nuclear_energy/main.tex
LaTeX2e <2024-11-01> patch level 2
L3 programming layer <2025-01-18>
(C:\Users\dhouben\AppData\Roaming\MiKTeX\tex/latex/elsarticle\elsarticle.cls
Document Class: elsarticle 2025/01/11, 3.4c: Elsevier Ltd
(C:\Program Files\MiKTeX\tex/latex/base\fontenc.sty
Package: fontenc 2021/04/29 v2.0v Standard LaTeX package
) (C:\Program Files\MiKTeX\tex/latex/l3kernel\expl3.sty
Package: expl3 2025-01-18 L3 programming layer (loader) 
 (C:\Program Files\MiKTeX\tex/latex/l3backend\l3backend-pdftex.def
File: l3backend-pdftex.def 2024-05-08 L3 backend support: PDF output (pdfTeX)
\l__color_backend_stack_int=\count196
\l__pdf_internal_box=\box52
)) (C:\Program Files\MiKTeX\tex/latex/l3packages/xparse\xparse.sty
Package: xparse 2024-08-16 L3 Experimental document command parser
) (C:\Program Files\MiKTeX\tex/latex/etoolbox\etoolbox.sty
Package: etoolbox 2025/02/11 v2.5l e-TeX tools for LaTeX (JAW)
\etb@tempcnta=\count197
)
\@bls=\dimen141
 (C:\Program Files\MiKTeX\tex/latex/base\article.cls
Document Class: article 2024/06/29 v1.4n Standard LaTeX document class
(C:\Program Files\MiKTeX\tex/latex/base\size12.clo
File: size12.clo 2024/06/29 v1.4n Standard LaTeX file (size option)
)
\c@part=\count198
\c@section=\count199
\c@subsection=\count266
\c@subsubsection=\count267
\c@paragraph=\count268
\c@subparagraph=\count269
\c@figure=\count270
\c@table=\count271
\abovecaptionskip=\skip49
\belowcaptionskip=\skip50
\bibindent=\dimen142
) (C:\Program Files\MiKTeX\tex/latex/graphics\graphicx.sty
Package: graphicx 2021/09/16 v1.2d Enhanced LaTeX Graphics (DPC,SPQR)
 (C:\Program Files\MiKTeX\tex/latex/graphics\keyval.sty
Package: keyval 2022/05/29 v1.15 key=value parser (DPC)
\KV@toks@=\toks17
) (C:\Program Files\MiKTeX\tex/latex/graphics\graphics.sty
Package: graphics 2024/08/06 v1.4g Standard LaTeX Graphics (DPC,SPQR)
 (C:\Program Files\MiKTeX\tex/latex/graphics\trig.sty
Package: trig 2023/12/02 v1.11 sin cos tan (DPC)
) (C:\Program Files\MiKTeX\tex/latex/graphics-cfg\graphics.cfg
File: graphics.cfg 2016/06/04 v1.11 sample graphics configuration
)
Package graphics Info: Driver file: pdftex.def on input line 106.
 (C:\Program Files\MiKTeX\tex/latex/graphics-def\pdftex.def
File: pdftex.def 2024/04/13 v1.2c Graphics/color driver for pdftex
))
\Gin@req@height=\dimen143
\Gin@req@width=\dimen144
)
\c@tnote=\count272
\c@fnote=\count273
\c@cnote=\count274
\c@ead=\count275
\c@elsarticle@author=\count276
\@eadauthor=\toks18
\c@affn=\count277
\absbox=\box53
\elsarticlehighlightsbox=\box54
\elsarticlegrabsbox=\box55
\keybox=\box56
\Columnwidth=\dimen145
\space@left=\dimen146
\els@boxa=\box57
\els@boxb=\box58
\leftMargin=\dimen147
\@enLab=\toks19
\@sep=\skip51
\@@sep=\skip52
 (main.spl) (C:\Users\dhouben\AppData\Roaming\MiKTeX\tex/latex/natbib\natbib.sty
Package: natbib 2010/09/13 8.31b (PWD, AO)
\bibhang=\skip53
\bibsep=\skip54
LaTeX Info: Redefining \cite on input line 694.
\c@NAT@ctr=\count278
)
\splwrite=\write3
\openout3 = `main.spl'.

\appnamewidth=\dimen148
) (C:\Program Files\MiKTeX\tex/latex/amsfonts\amssymb.sty
Package: amssymb 2013/01/14 v3.01 AMS font symbols
 (C:\Program Files\MiKTeX\tex/latex/amsfonts\amsfonts.sty
Package: amsfonts 2013/01/14 v3.01 Basic AMSFonts support
\@emptytoks=\toks20
\symAMSa=\mathgroup4
\symAMSb=\mathgroup5
LaTeX Font Info:    Redeclaring math symbol \hbar on input line 98.
LaTeX Font Info:    Overwriting math alphabet `\mathfrak' in version `bold'
(Font)                  U/euf/m/n --> U/euf/b/n on input line 106.
)) (C:\Program Files\MiKTeX\tex/latex/amsmath\amsmath.sty
Package: amsmath 2024/11/05 v2.17t AMS math features
\@mathmargin=\skip55

For additional information on amsmath, use the `?' option.
(C:\Program Files\MiKTeX\tex/latex/amsmath\amstext.sty
Package: amstext 2021/08/26 v2.01 AMS text
 (C:\Program Files\MiKTeX\tex/latex/amsmath\amsgen.sty
File: amsgen.sty 1999/11/30 v2.0 generic functions
\@emptytoks=\toks21
\ex@=\dimen149
)) (C:\Program Files\MiKTeX\tex/latex/amsmath\amsbsy.sty
Package: amsbsy 1999/11/29 v1.2d Bold Symbols
\pmbraise@=\dimen150
) (C:\Program Files\MiKTeX\tex/latex/amsmath\amsopn.sty
Package: amsopn 2022/04/08 v2.04 operator names
)
\inf@bad=\count279
LaTeX Info: Redefining \frac on input line 233.
\uproot@=\count280
\leftroot@=\count281
LaTeX Info: Redefining \overline on input line 398.
LaTeX Info: Redefining \colon on input line 409.
\classnum@=\count282
\DOTSCASE@=\count283
LaTeX Info: Redefining \ldots on input line 495.
LaTeX Info: Redefining \dots on input line 498.
LaTeX Info: Redefining \cdots on input line 619.
\Mathstrutbox@=\box59
\strutbox@=\box60
LaTeX Info: Redefining \big on input line 721.
LaTeX Info: Redefining \Big on input line 722.
LaTeX Info: Redefining \bigg on input line 723.
LaTeX Info: Redefining \Bigg on input line 724.
\big@size=\dimen151
LaTeX Font Info:    Redeclaring font encoding OML on input line 742.
LaTeX Font Info:    Redeclaring font encoding OMS on input line 743.
\macc@depth=\count284
LaTeX Info: Redefining \bmod on input line 904.
LaTeX Info: Redefining \pmod on input line 909.
LaTeX Info: Redefining \smash on input line 939.
LaTeX Info: Redefining \relbar on input line 969.
LaTeX Info: Redefining \Relbar on input line 970.
\c@MaxMatrixCols=\count285
\dotsspace@=\muskip17
\c@parentequation=\count286
\dspbrk@lvl=\count287
\tag@help=\toks22
\row@=\count288
\column@=\count289
\maxfields@=\count290
\andhelp@=\toks23
\eqnshift@=\dimen152
\alignsep@=\dimen153
\tagshift@=\dimen154
\tagwidth@=\dimen155
\totwidth@=\dimen156
\lineht@=\dimen157
\@envbody=\toks24
\multlinegap=\skip56
\multlinetaggap=\skip57
\mathdisplay@stack=\toks25
LaTeX Info: Redefining \[ on input line 2953.
LaTeX Info: Redefining \] on input line 2954.
) (C:\Users\dhouben\AppData\Roaming\MiKTeX\tex/latex/caption\subcaption.sty
Package: subcaption 2023/07/28 v1.6b Sub-captions (AR)
 (C:\Users\dhouben\AppData\Roaming\MiKTeX\tex/latex/caption\caption.sty
Package: caption 2023/08/05 v3.6o Customizing captions (AR)
 (C:\Users\dhouben\AppData\Roaming\MiKTeX\tex/latex/caption\caption3.sty
Package: caption3 2023/07/31 v2.4d caption3 kernel (AR)
\caption@tempdima=\dimen158
\captionmargin=\dimen159
\caption@leftmargin=\dimen160
\caption@rightmargin=\dimen161
\caption@width=\dimen162
\caption@indent=\dimen163
\caption@parindent=\dimen164
\caption@hangindent=\dimen165
Package caption Info: elsarticle document class detected.
 (C:\Users\dhouben\AppData\Roaming\MiKTeX\tex/latex/caption\caption-elsarticle.sto
File: caption-elsarticle.sto 2020/08/22 v2.0 Adaption of the caption package to the elsarticle document class (AR)
))
\c@caption@flags=\count291
\c@continuedfloat=\count292
)
Package caption Info: New subtype `subfigure' on input line 238.
\c@subfigure=\count293
Package caption Info: New subtype `subtable' on input line 238.
\c@subtable=\count294
) (C:\Program Files\MiKTeX\tex/latex/hyperref\hyperref.sty
Package: hyperref 2024-11-05 v7.01l Hypertext links for LaTeX
 (C:\Program Files\MiKTeX\tex/generic/iftex\iftex.sty
Package: iftex 2024/12/12 v1.0g TeX engine tests
) (C:\Users\dhouben\AppData\Roaming\MiKTeX\tex/latex/kvsetkeys\kvsetkeys.sty
Package: kvsetkeys 2022-10-05 v1.19 Key value parser (HO)
) (C:\Users\dhouben\AppData\Roaming\MiKTeX\tex/generic/kvdefinekeys\kvdefinekeys.sty
Package: kvdefinekeys 2019-12-19 v1.6 Define keys (HO)
) (C:\Users\dhouben\AppData\Roaming\MiKTeX\tex/generic/pdfescape\pdfescape.sty
Package: pdfescape 2019/12/09 v1.15 Implements pdfTeX's escape features (HO)
 (C:\Users\dhouben\AppData\Roaming\MiKTeX\tex/generic/ltxcmds\ltxcmds.sty
Package: ltxcmds 2023-12-04 v1.26 LaTeX kernel commands for general use (HO)
) (C:\Program Files\MiKTeX\tex/generic/pdftexcmds\pdftexcmds.sty
Package: pdftexcmds 2020-06-27 v0.33 Utility functions of pdfTeX for LuaTeX (HO)
 (C:\Users\dhouben\AppData\Roaming\MiKTeX\tex/generic/infwarerr\infwarerr.sty
Package: infwarerr 2019/12/03 v1.5 Providing info/warning/error messages (HO)
)
Package pdftexcmds Info: \pdf@primitive is available.
Package pdftexcmds Info: \pdf@ifprimitive is available.
Package pdftexcmds Info: \pdfdraftmode found.
)) (C:\Users\dhouben\AppData\Roaming\MiKTeX\tex/latex/hycolor\hycolor.sty
Package: hycolor 2020-01-27 v1.10 Color options for hyperref/bookmark (HO)
) (C:\Program Files\MiKTeX\tex/latex/hyperref\nameref.sty
Package: nameref 2023-11-26 v2.56 Cross-referencing by name of section
 (C:\Users\dhouben\AppData\Roaming\MiKTeX\tex/latex/refcount\refcount.sty
Package: refcount 2019/12/15 v3.6 Data extraction from label references (HO)
) (C:\Users\dhouben\AppData\Roaming\MiKTeX\tex/generic/gettitlestring\gettitlestring.sty
Package: gettitlestring 2019/12/15 v1.6 Cleanup title references (HO)
 (C:\Users\dhouben\AppData\Roaming\MiKTeX\tex/latex/kvoptions\kvoptions.sty
Package: kvoptions 2022-06-15 v3.15 Key value format for package options (HO)
))
\c@section@level=\count295
) (C:\Users\dhouben\AppData\Roaming\MiKTeX\tex/generic/stringenc\stringenc.sty
Package: stringenc 2019/11/29 v1.12 Convert strings between diff. encodings (HO)
)
\@linkdim=\dimen166
\Hy@linkcounter=\count296
\Hy@pagecounter=\count297
 (C:\Program Files\MiKTeX\tex/latex/hyperref\pd1enc.def
File: pd1enc.def 2024-11-05 v7.01l Hyperref: PDFDocEncoding definition (HO)
Now handling font encoding PD1 ...
... no UTF-8 mapping file for font encoding PD1
) (C:\Users\dhouben\AppData\Roaming\MiKTeX\tex/generic/intcalc\intcalc.sty
Package: intcalc 2019/12/15 v1.3 Expandable calculations with integers (HO)
)
\Hy@SavedSpaceFactor=\count298
 (C:\Program Files\MiKTeX\tex/latex/hyperref\puenc.def
File: puenc.def 2024-11-05 v7.01l Hyperref: PDF Unicode definition (HO)
Now handling font encoding PU ...
... no UTF-8 mapping file for font encoding PU
)
Package hyperref Info: Hyper figures OFF on input line 4157.
Package hyperref Info: Link nesting OFF on input line 4162.
Package hyperref Info: Hyper index ON on input line 4165.
Package hyperref Info: Plain pages OFF on input line 4172.
Package hyperref Info: Backreferencing OFF on input line 4177.
Package hyperref Info: Implicit mode ON; LaTeX internals redefined.
Package hyperref Info: Bookmarks ON on input line 4424.
\c@Hy@tempcnt=\count299
 (C:\Program Files\MiKTeX\tex/latex/url\url.sty
\Urlmuskip=\muskip18
Package: url 2013/09/16  ver 3.4  Verb mode for urls, etc.
)
LaTeX Info: Redefining \url on input line 4763.
\XeTeXLinkMargin=\dimen167
 (C:\Users\dhouben\AppData\Roaming\MiKTeX\tex/generic/bitset\bitset.sty
Package: bitset 2019/12/09 v1.3 Handle bit-vector datatype (HO)
 (C:\Users\dhouben\AppData\Roaming\MiKTeX\tex/generic/bigintcalc\bigintcalc.sty
Package: bigintcalc 2019/12/15 v1.5 Expandable calculations on big integers (HO)
))
\Fld@menulength=\count300
\Field@Width=\dimen168
\Fld@charsize=\dimen169
Package hyperref Info: Hyper figures OFF on input line 6042.
Package hyperref Info: Link nesting OFF on input line 6047.
Package hyperref Info: Hyper index ON on input line 6050.
Package hyperref Info: backreferencing OFF on input line 6057.
Package hyperref Info: Link coloring OFF on input line 6062.
Package hyperref Info: Link coloring with OCG OFF on input line 6067.
Package hyperref Info: PDF/A mode OFF on input line 6072.
 (C:\Program Files\MiKTeX\tex/latex/base\atbegshi-ltx.sty
Package: atbegshi-ltx 2021/01/10 v1.0c Emulation of the original atbegshi
package with kernel methods
)
\Hy@abspage=\count301
\c@Item=\count302
\c@Hfootnote=\count303
)
Package hyperref Info: Driver (autodetected): hpdftex.
 (C:\Program Files\MiKTeX\tex/latex/hyperref\hpdftex.def
File: hpdftex.def 2024-11-05 v7.01l Hyperref driver for pdfTeX
 (C:\Program Files\MiKTeX\tex/latex/base\atveryend-ltx.sty
Package: atveryend-ltx 2020/08/19 v1.0a Emulation of the original atveryend package
with kernel methods
)
\Fld@listcount=\count304
\c@bookmark@seq@number=\count305
 (C:\Users\dhouben\AppData\Roaming\MiKTeX\tex/latex/rerunfilecheck\rerunfilecheck.sty
Package: rerunfilecheck 2022-07-10 v1.10 Rerun checks for auxiliary files (HO)
 (C:\Users\dhouben\AppData\Roaming\MiKTeX\tex/generic/uniquecounter\uniquecounter.sty
Package: uniquecounter 2019/12/15 v1.4 Provide unlimited unique counter (HO)
)
Package uniquecounter Info: New unique counter `rerunfilecheck' on input line 285.
)
\Hy@SectionHShift=\skip58
) (C:\Users\dhouben\AppData\Roaming\MiKTeX\tex/latex/lineno\lineno.sty
Package: lineno 2025/05/13 line numbers on paragraphs v5.5
\linenopenalty=\count306
\output=\toks26
\linenoprevgraf=\count307
\linenumbersep=\dimen170
\linenumberwidth=\dimen171
\c@linenumber=\count308
\c@pagewiselinenumber=\count309
\c@LN@truepage=\count310
\c@internallinenumber=\count311
\c@internallinenumbers=\count312
\quotelinenumbersep=\dimen172
\bframerule=\dimen173
\bframesep=\dimen174
\bframebox=\box61
\@LN@amsmath@ams@eqpen=\count313
) (main.aux)
\openout1 = `main.aux'.

LaTeX Font Info:    Checking defaults for OML/cmm/m/it on input line 47.
LaTeX Font Info:    ... okay on input line 47.
LaTeX Font Info:    Checking defaults for OMS/cmsy/m/n on input line 47.
LaTeX Font Info:    ... okay on input line 47.
LaTeX Font Info:    Checking defaults for OT1/cmr/m/n on input line 47.
LaTeX Font Info:    ... okay on input line 47.
LaTeX Font Info:    Checking defaults for T1/cmr/m/n on input line 47.
LaTeX Font Info:    ... okay on input line 47.
LaTeX Font Info:    Checking defaults for TS1/cmr/m/n on input line 47.
LaTeX Font Info:    ... okay on input line 47.
LaTeX Font Info:    Checking defaults for OMX/cmex/m/n on input line 47.
LaTeX Font Info:    ... okay on input line 47.
LaTeX Font Info:    Checking defaults for U/cmr/m/n on input line 47.
LaTeX Font Info:    ... okay on input line 47.
LaTeX Font Info:    Checking defaults for PD1/pdf/m/n on input line 47.
LaTeX Font Info:    ... okay on input line 47.
LaTeX Font Info:    Checking defaults for PU/pdf/m/n on input line 47.
LaTeX Font Info:    ... okay on input line 47.
 (C:\Program Files\MiKTeX\tex/context/base/mkii\supp-pdf.mkii
[Loading MPS to PDF converter (version 2006.09.02).]
\scratchcounter=\count314
\scratchdimen=\dimen175
\scratchbox=\box62
\nofMPsegments=\count315
\nofMParguments=\count316
\everyMPshowfont=\toks27
\MPscratchCnt=\count317
\MPscratchDim=\dimen176
\MPnumerator=\count318
\makeMPintoPDFobject=\count319
\everyMPtoPDFconversion=\toks28
) (C:\Program Files\MiKTeX\tex/latex/epstopdf-pkg\epstopdf-base.sty
Package: epstopdf-base 2020-01-24 v2.11 Base part for package epstopdf
Package epstopdf-base Info: Redefining graphics rule for `.eps' on input line 485.
 (C:\Program Files\MiKTeX\tex/latex/00miktex\epstopdf-sys.cfg
File: epstopdf-sys.cfg 2021/03/18 v2.0 Configuration of epstopdf for MiKTeX
))
Package caption Info: Begin \AtBeginDocument code.
Package caption Info: hyperref package is loaded.
Package caption Info: End \AtBeginDocument code.
Package hyperref Info: Link coloring OFF on input line 47.
\@outlinefile=\write4
\openout4 = `main.out'.



[1

{C:/Users/dhouben/AppData/Local/MiKTeX/fonts/map/pdftex/pdftex.map}{C:/Users/dhouben/AppData/Roaming/MiKTeX/fonts/enc/dvips/cm-super/cm-super-t1.enc}{C:/Users/dhouben/AppData/Roaming/MiKTeX/fonts/enc/dvips/cm-super/cm-super-ts1.enc}]
LaTeX Font Info:    Trying to load font information for U+msa on input line 131.
 (C:\Program Files\MiKTeX\tex/latex/amsfonts\umsa.fd
File: umsa.fd 2013/01/14 v3.01 AMS symbols A
)
LaTeX Font Info:    Trying to load font information for U+msb on input line 131.
 (C:\Program Files\MiKTeX\tex/latex/amsfonts\umsb.fd
File: umsb.fd 2013/01/14 v3.01 AMS symbols B
)

Package natbib Warning: Citation `larsonUpdatedUsersGuide2008' on page 1 undefined on input line 144.


Package natbib Warning: Citation `leppanenSerpentMonteCarlo2015' on page 1 undefined on input line 144.


Overfull \hbox (6.73808pt too wide) in paragraph at lines 144--145
[]\T1/cmr/m/n/12 The BO is per-formed us-ing a Markov Chain Monte Carlo (MCMC) method,
 []




pdfTeX warning (ext4): destination with the same identifier (name{page.1}) has been already used, duplicate ignored
<to be read again> 
                   \relax 
l.145 
       [1


]

[2]

Package natbib Warning: Citation `hoeferLimitationsGeneralizedLinear' on page 3 undefined on input line 157.


Package natbib Warning: Citation `rochmanMonteCarloNuclear2018a' on page 3 undefined on input line 157.


Package natbib Warning: Citation `hoeferMOCABAGeneralMonte2015' on page 3 undefined on input line 157.



[3]

Package natbib Warning: Citation `emcee' on page 4 undefined on input line 171.



[4]

LaTeX Warning: Reference `eq:loglikelihood' on page 5 undefined on input line 197.



[5]

LaTeX Warning: Reference `eq:loglikelihood' on page 6 undefined on input line 207.


LaTeX Warning: Reference `eq:independent' on page 6 undefined on input line 214.


LaTeX Warning: Reference `eq:correlated' on page 6 undefined on input line 214.



[6]

Package natbib Warning: Citation `aufieroCollisionHistorybasedApproach2015' on page 7 undefined on input line 222.


Package natbib Warning: Citation `fioritoJEFF33CovarianceApplication2019' on page 7 undefined on input line 224.


Package natbib Warning: Citation `muirNJOYNuclearData' on page 7 undefined on input line 224.


Package natbib Warning: Citation `broadheadSensitivityUncertaintyBasedCriticality2004' on page 7 undefined on input line 224.



[7]

Package natbib Warning: Citation `trkovSensitivitySelectedBenchmarks' on page 8 undefined on input line 232.


Package natbib Warning: Citation `guberNeutronCrossSectionMeasurements2011' on page 8 undefined on input line 232.


Package natbib Warning: Citation `stieglitz1971kev' on page 8 undefined on input line 232.


LaTeX Warning: Reference `fig:sensint' on page 8 undefined on input line 234.


Package natbib Warning: Citation `internationalcriticalitysafetybenchmarkevaluationprojecticsbepInternationalHandbookEvaluated2024' on page 8 undefined on input line 234.

<../figures/sensitivity_hmi001+pmi002_Cr53.png, id=75, 361.35pt x 289.08pt>
File: ../figures/sensitivity_hmi001+pmi002_Cr53.png Graphic file (type png)
<use ../figures/sensitivity_hmi001+pmi002_Cr53.png>
Package pdftex.def Info: ../figures/sensitivity_hmi001+pmi002_Cr53.png  used on input line 237.
(pdftex.def)             Requested size: 195.0pt x 155.9994pt.


[8]

LaTeX Warning: Reference `fig:trainingsamples' on page 9 undefined on input line 241.

<../figures/XS_fit_nTOF1.png, id=84, 361.35pt x 289.08pt>
File: ../figures/XS_fit_nTOF1.png Graphic file (type png)
<use ../figures/XS_fit_nTOF1.png>
Package pdftex.def Info: ../figures/XS_fit_nTOF1.png  used on input line 246.
(pdftex.def)             Requested size: 195.0pt x 155.9994pt.
<../figures/cr53_capture_xs_samples1.png, id=85, 361.35pt x 289.08pt>
File: ../figures/cr53_capture_xs_samples1.png Graphic file (type png)
<use ../figures/cr53_capture_xs_samples1.png>
Package pdftex.def Info: ../figures/cr53_capture_xs_samples1.png  used on input line 251.
(pdftex.def)             Requested size: 195.0pt x 155.9994pt.

LaTeX Warning: Reference `fig:GPslice' on page 9 undefined on input line 260.

<../figures/latest/validation/cr53_thin_slices.png, id=86, 361.35pt x 289.08pt>
File: ../figures/latest/validation/cr53_thin_slices.png Graphic file (type png)
<use ../figures/latest/validation/cr53_thin_slices.png>
Package pdftex.def Info: ../figures/latest/validation/cr53_thin_slices.png  used on input line 265.
(pdftex.def)             Requested size: 195.0pt x 155.9994pt.
<../figures/latest/validation/pmi002_slices.png, id=87, 361.35pt x 289.08pt>
File: ../figures/latest/validation/pmi002_slices.png Graphic file (type png)
<use ../figures/latest/validation/pmi002_slices.png>
Package pdftex.def Info: ../figures/latest/validation/pmi002_slices.png  used on input line 271.
(pdftex.def)             Requested size: 195.0pt x 155.9994pt.


[9 <../figures/sensitivity_hmi001+pmi002_Cr53.png>]

LaTeX Warning: Reference `tab:cr53mcmc' on page 10 undefined on input line 279.


Overfull \hbox (46.63898pt too wide) in paragraph at lines 283--294
 [][] 
 []


LaTeX Warning: Reference `eq:correlated' on page 10 undefined on input line 296.



[10 <../figures/XS_fit_nTOF1.png> <../figures/cr53_capture_xs_samples1.png>]

[11 <../figures/latest/validation/cr53_thin_slices.png> <../figures/latest/validation/pmi002_slices.png>]

LaTeX Warning: File `../figures/cr53_20r_all_1000pcm/cr53_thin_output_scatterpdf_plot.png' not found on input line 302.


c:/Users/dhouben/OneDrive - Studiecentrum voor Kernenergie/Documents/Internships/EPFL-2025/mcmc_inference/reports/annals_nuclear_energy/main.tex:302: Package pdftex.def Error: File `../figures/cr53_20r_all_1000pcm/cr53_thin_output_scatterpdf_plot.png' not found: using draft setting.

See the pdftex.def package documentation for explanation.
Type  H <return>  for immediate help.
 ...                                              
                                                  
l.302 ...pcm/cr53_thin_output_scatterpdf_plot.png}
                                                  
Try typing  <return>  to proceed.
If that doesn't work, type  X <return>  to quit.


LaTeX Warning: File `../figures/cr53_20r_all_1000pcm/hmi001_output_scatterpdf_plot.png' not found on input line 308.


c:/Users/dhouben/OneDrive - Studiecentrum voor Kernenergie/Documents/Internships/EPFL-2025/mcmc_inference/reports/annals_nuclear_energy/main.tex:308: Package pdftex.def Error: File `../figures/cr53_20r_all_1000pcm/hmi001_output_scatterpdf_plot.png' not found: using draft setting.

See the pdftex.def package documentation for explanation.
Type  H <return>  for immediate help.
 ...                                              
                                                  
l.308 ...000pcm/hmi001_output_scatterpdf_plot.png}
                                                  
Try typing  <return>  to proceed.
If that doesn't work, type  X <return>  to quit.


LaTeX Warning: File `../figures/cr53_20r_all_1000pcm/pmi002_output_scatterpdf_plot.png' not found on input line 314.


c:/Users/dhouben/OneDrive - Studiecentrum voor Kernenergie/Documents/Internships/EPFL-2025/mcmc_inference/reports/annals_nuclear_energy/main.tex:314: Package pdftex.def Error: File `../figures/cr53_20r_all_1000pcm/pmi002_output_scatterpdf_plot.png' not found: using draft setting.

See the pdftex.def package documentation for explanation.
Type  H <return>  for immediate help.
 ...                                              
                                                  
l.314 ...000pcm/pmi002_output_scatterpdf_plot.png}
                                                  
Try typing  <return>  to proceed.
If that doesn't work, type  X <return>  to quit.


LaTeX Warning: Reference `fig:mcmcallind' on page 12 undefined on input line 322.



[12]

LaTeX Warning: Reference `fig:mcmcall' on page 13 undefined on input line 324.

<../figures/cr_53_20r_all_ind_1000pcm/cr53_thin_output_scatterpdf_plot.png, id=121, 289.08pt x 289.08pt>
File: ../figures/cr_53_20r_all_ind_1000pcm/cr53_thin_output_scatterpdf_plot.png Graphic file (type png)
<use ../figures/cr_53_20r_all_ind_1000pcm/cr53_thin_output_scatterpdf_plot.png>
Package pdftex.def Info: ../figures/cr_53_20r_all_ind_1000pcm/cr53_thin_output_scatterpdf_plot.png  used on input line 330.
(pdftex.def)             Requested size: 117.00119pt x 116.99734pt.
<../figures/cr_53_20r_all_ind_1000pcm/hmi001_output_scatterpdf_plot.png, id=122, 289.08pt x 289.08pt>
File: ../figures/cr_53_20r_all_ind_1000pcm/hmi001_output_scatterpdf_plot.png Graphic file (type png)
<use ../figures/cr_53_20r_all_ind_1000pcm/hmi001_output_scatterpdf_plot.png>
Package pdftex.def Info: ../figures/cr_53_20r_all_ind_1000pcm/hmi001_output_scatterpdf_plot.png  used on input line 336.
(pdftex.def)             Requested size: 117.00119pt x 116.99734pt.
<../figures/cr_53_20r_all_ind_1000pcm/pmi002_output_scatterpdf_plot.png, id=123, 289.08pt x 289.08pt>
File: ../figures/cr_53_20r_all_ind_1000pcm/pmi002_output_scatterpdf_plot.png Graphic file (type png)
<use ../figures/cr_53_20r_all_ind_1000pcm/pmi002_output_scatterpdf_plot.png>
Package pdftex.def Info: ../figures/cr_53_20r_all_ind_1000pcm/pmi002_output_scatterpdf_plot.png  used on input line 342.
(pdftex.def)             Requested size: 117.00119pt x 116.99734pt.

LaTeX Warning: Reference `fig:mcmcallsens' on page 13 undefined on input line 350.



[13]
<../figures/cr53_20r_10pcm_all/cr53_thin_output_scatterpdf_plot.png, id=128, 289.08pt x 289.08pt>
File: ../figures/cr53_20r_10pcm_all/cr53_thin_output_scatterpdf_plot.png Graphic file (type png)
<use ../figures/cr53_20r_10pcm_all/cr53_thin_output_scatterpdf_plot.png>
Package pdftex.def Info: ../figures/cr53_20r_10pcm_all/cr53_thin_output_scatterpdf_plot.png  used on input line 356.
(pdftex.def)             Requested size: 117.00119pt x 116.99734pt.
<../figures/cr53_20r_10pcm_all/hmi001_output_scatterpdf_plot.png, id=129, 289.08pt x 289.08pt>
File: ../figures/cr53_20r_10pcm_all/hmi001_output_scatterpdf_plot.png Graphic file (type png)
<use ../figures/cr53_20r_10pcm_all/hmi001_output_scatterpdf_plot.png>
Package pdftex.def Info: ../figures/cr53_20r_10pcm_all/hmi001_output_scatterpdf_plot.png  used on input line 361.
(pdftex.def)             Requested size: 117.00119pt x 116.99734pt.
<../figures/cr53_20r_10pcm_all/pmi002_output_scatterpdf_plot.png, id=130, 289.08pt x 289.08pt>
File: ../figures/cr53_20r_10pcm_all/pmi002_output_scatterpdf_plot.png Graphic file (type png)
<use ../figures/cr53_20r_10pcm_all/pmi002_output_scatterpdf_plot.png>
Package pdftex.def Info: ../figures/cr53_20r_10pcm_all/pmi002_output_scatterpdf_plot.png  used on input line 366.
(pdftex.def)             Requested size: 117.00119pt x 116.99734pt.


[14 <../figures/cr_53_20r_all_ind_1000pcm/cr53_thin_output_scatterpdf_plot.png> <../figures/cr_53_20r_all_ind_1000pcm/hmi001_output_scatterpdf_plot.png> <../figures/cr_53_20r_all_ind_1000pcm/pmi002_output_scatterpdf_plot.png> <../figures/cr53_20r_10pcm_all/cr53_thin_output_scatterpdf_plot.png> <../figures/cr53_20r_10pcm_all/hmi001_output_scatterpdf_plot.png> <../figures/cr53_20r_10pcm_all/pmi002_output_scatterpdf_plot.png>]

[15] (main.bbl

[16]
Underfull \hbox (badness 1264) in paragraph at lines 50--56
[]\T1/cmr/m/n/12 M. Au-fiero, A. Bidaud, M. Hursin, J. Lep-pä-nen, G. Palmiotti,
 []



[17])

Package natbib Warning: There were undefined citations.



[18] (main.aux

Package natbib Warning: Citation(s) may have changed.
(natbib)                Rerun to get citations correct.

)
 ***********
LaTeX2e <2024-11-01> patch level 2
L3 programming layer <2025-01-18>
 ***********


LaTeX Warning: There were undefined references.


LaTeX Warning: Label(s) may have changed. Rerun to get cross-references right.


Package rerunfilecheck Warning: File `main.out' has changed.
(rerunfilecheck)                Rerun to get outlines right
(rerunfilecheck)                or use package `bookmark'.

Package rerunfilecheck Info: Checksums for `main.out':
(rerunfilecheck)             Before: <no file>
(rerunfilecheck)             After:  3A666732A6879953C785079F75A4A7BF;2820.
 ) 
Here is how much of TeX's memory you used:
 12728 strings out of 473522
 209131 string characters out of 5724671
 591988 words of memory out of 5000000
 35732 multiletter control sequences out of 15000+600000
 575103 words of font info for 80 fonts, out of 8000000 for 9000
 1141 hyphenation exceptions out of 8191
 75i,20n,79p,1701b,580s stack positions out of 10000i,1000n,20000p,200000b,200000s
<C:/Program Files/MiKTeX/fonts/type1/public/amsfonts/cm/cmbx12.pfb><C:/Program Files/MiKTeX/fonts/type1/public/amsfonts/cm/cmbx8.pfb><C:/Program Files/MiKTeX/fonts/type1/public/amsfonts/cm/cmex10.pfb><C:/Program Files/MiKTeX/fonts/type1/public/amsfonts/cm/cmmi10.pfb><C:/Program Files/MiKTeX/fonts/type1/public/amsfonts/cm/cmmi12.pfb><C:/Program Files/MiKTeX/fonts/type1/public/amsfonts/cm/cmmi6.pfb><C:/Program Files/MiKTeX/fonts/type1/public/amsfonts/cm/cmmi8.pfb><C:/Program Files/MiKTeX/fonts/type1/public/amsfonts/cm/cmr12.pfb><C:/Program Files/MiKTeX/fonts/type1/public/amsfonts/cm/cmr8.pfb><C:/Program Files/MiKTeX/fonts/type1/public/amsfonts/cm/cmsy10.pfb><C:/Program Files/MiKTeX/fonts/type1/public/amsfonts/cm/cmsy8.pfb><C:/Program Files/MiKTeX/fonts/type1/public/amsfonts/symbols/msam10.pfb><C:/Users/dhouben/AppData/Roaming/MiKTeX/fonts/type1/public/cm-super/sfbx1200.pfb><C:/Users/dhouben/AppData/Roaming/MiKTeX/fonts/type1/public/cm-super/sfrm0800.pfb><C:/Users/dhouben/AppData/Roaming/MiKTeX/fonts/type1/public/cm-super/sfrm1000.pfb><C:/Users/dhouben/AppData/Roaming/MiKTeX/fonts/type1/public/cm-super/sfrm1200.pfb><C:/Users/dhouben/AppData/Roaming/MiKTeX/fonts/type1/public/cm-super/sfrm1728.pfb><C:/Users/dhouben/AppData/Roaming/MiKTeX/fonts/type1/public/cm-super/sfss0800.pfb><C:/Users/dhouben/AppData/Roaming/MiKTeX/fonts/type1/public/cm-super/sfti0700.pfb><C:/Users/dhouben/AppData/Roaming/MiKTeX/fonts/type1/public/cm-super/sfti1000.pfb><C:/Users/dhouben/AppData/Roaming/MiKTeX/fonts/type1/public/cm-super/sfti1200.pfb><C:/Users/dhouben/AppData/Roaming/MiKTeX/fonts/type1/public/cm-super/sftt1200.pfb>
Output written on main.pdf (19 pages, 1598894 bytes).
PDF statistics:
 310 PDF objects out of 1000 (max. 8388607)
 68 named destinations out of 1000 (max. 500000)
 56 words of extra memory for PDF output out of 10000 (max. 10000000)

